# JRE version: Java(TM) SE Runtime Environment (17.0.9+11) (build 17.0.9+11-LTS-201)
# Java VM: Java HotSpot(TM) 64-Bit Server VM (17.0.9+11-LTS-201, mixed mode, sharing, tiered, compressed oops, compressed class ptrs, g1 gc, windows-amd64)
GC Precious Log:
 CPUs: 8 total, 8 available
 Memory: 16171M
 Large Page Support: Disabled
 NUMA Support: Disabled
 Compressed Oops: Enabled (Zero based)
 Heap Region Size: 2M
 Heap Min Capacity: 8M
 Heap Initial Capacity: 254M
 Heap Max Capacity: 4044M
 Pre-touch: Disabled
 Parallel Workers: 8
 Concurrent Workers: 2
 Concurrent Refinement Workers: 8
 Periodic GC: Disabled
Heap:
 garbage-first heap   total 153600K, used 99434K [0x0000000703400000, 0x0000000800000000)
  region size 2048K, 15 young (30720K), 1 survivors (2048K)
 Metaspace       used 35850K, committed 36224K, reserved 1114112K
  class space    used 4062K, committed 4224K, reserved 1048576K
GC Heap History (20 events):
Event: 3.182 GC heap before
{Heap before GC invocations=5 (full 0):
 garbage-first heap   total 96256K, used 77480K [0x0000000703400000, 0x0000000800000000)
  region size 2048K, 30 young (61440K), 3 survivors (6144K)
 Metaspace       used 26417K, committed 26752K, reserved 1114112K
  class space    used 3057K, committed 3200K, reserved 1048576K
}
Event: 3.195 GC heap after
{Heap after GC invocations=6 (full 0):
 garbage-first heap   total 108544K, used 44438K [0x0000000703400000, 0x0000000800000000)
  region size 2048K, 10 young (20480K), 10 survivors (20480K)
 Metaspace       used 26417K, committed 26752K, reserved 1114112K
  class space    used 3057K, committed 3200K, reserved 1048576K
}
Event: 3.457 GC heap before
{Heap before GC invocations=6 (full 0):
 garbage-first heap   total 108544K, used 75158K [0x0000000703400000, 0x0000000800000000)
  region size 2048K, 25 young (51200K), 10 survivors (20480K)
 Metaspace       used 27352K, committed 27648K, reserved 1114112K
  class space    used 3130K, committed 3264K, reserved 1048576K
}
Event: 3.474 GC heap after
{Heap after GC invocations=7 (full 0):
 garbage-first heap   total 108544K, used 50761K [0x0000000703400000, 0x0000000800000000)
  region size 2048K, 3 young (6144K), 3 survivors (6144K)
 Metaspace       used 27352K, committed 27648K, reserved 1114112K
  class space    used 3130K, committed 3264K, reserved 1048576K
}
Event: 3.767 GC heap before
{Heap before GC invocations=7 (full 0):
 garbage-first heap   total 108544K, used 77385K [0x0000000703400000, 0x0000000800000000)
  region size 2048K, 17 young (34816K), 3 survivors (6144K)
 Metaspace       used 28738K, committed 29056K, reserved 1114112K
  class space    used 3288K, committed 3392K, reserved 1048576K
}
Event: 3.772 GC heap after
{Heap after GC invocations=8 (full 0):
 garbage-first heap   total 108544K, used 51603K [0x0000000703400000, 0x0000000800000000)
  region size 2048K, 1 young (2048K), 1 survivors (2048K)
 Metaspace       used 28738K, committed 29056K, reserved 1114112K
  class space    used 3288K, committed 3392K, reserved 1048576K
}
Event: 3.995 GC heap before
{Heap before GC invocations=8 (full 0):
 garbage-first heap   total 108544K, used 80275K [0x0000000703400000, 0x0000000800000000)
  region size 2048K, 15 young (30720K), 1 survivors (2048K)
 Metaspace       used 29415K, committed 29696K, reserved 1114112K
  class space    used 3352K, committed 3456K, reserved 1048576K
}
Event: 3.999 GC heap after
{Heap after GC invocations=9 (full 0):
 garbage-first heap   total 108544K, used 52124K [0x0000000703400000, 0x0000000800000000)
  region size 2048K, 1 young (2048K), 1 survivors (2048K)
 Metaspace       used 29415K, committed 29696K, reserved 1114112K
  class space    used 3352K, committed 3456K, reserved 1048576K
}
Event: 4.234 GC heap before
{Heap before GC invocations=10 (full 0):
 garbage-first heap   total 108544K, used 82844K [0x0000000703400000, 0x0000000800000000)
  region size 2048K, 16 young (32768K), 1 survivors (2048K)
 Metaspace       used 30417K, committed 30720K, reserved 1114112K
  class space    used 3474K, committed 3584K, reserved 1048576K
}
Event: 4.239 GC heap after
{Heap after GC invocations=11 (full 0):
 garbage-first heap   total 108544K, used 52588K [0x0000000703400000, 0x0000000800000000)
  region size 2048K, 2 young (4096K), 2 survivors (4096K)
 Metaspace       used 30417K, committed 30720K, reserved 1114112K
  class space    used 3474K, committed 3584K, reserved 1048576K
}
Event: 4.601 GC heap before
{Heap before GC invocations=11 (full 0):
 garbage-first heap   total 108544K, used 77164K [0x0000000703400000, 0x0000000800000000)
  region size 2048K, 15 young (30720K), 2 survivors (4096K)
 Metaspace       used 31374K, committed 31808K, reserved 1114112K
  class space    used 3578K, committed 3776K, reserved 1048576K
}
Event: 4.608 GC heap after
{Heap after GC invocations=12 (full 0):
 garbage-first heap   total 143360K, used 54272K [0x0000000703400000, 0x0000000800000000)
  region size 2048K, 2 young (4096K), 2 survivors (4096K)
 Metaspace       used 31374K, committed 31808K, reserved 1114112K
  class space    used 3578K, committed 3776K, reserved 1048576K
}
Event: 4.859 GC heap before
{Heap before GC invocations=12 (full 0):
 garbage-first heap   total 143360K, used 109568K [0x0000000703400000, 0x0000000800000000)
  region size 2048K, 28 young (57344K), 2 survivors (4096K)
 Metaspace       used 31455K, committed 31872K, reserved 1114112K
  class space    used 3579K, committed 3776K, reserved 1048576K
}
Event: 4.870 GC heap after
{Heap after GC invocations=13 (full 0):
 garbage-first heap   total 143360K, used 79665K [0x0000000703400000, 0x0000000800000000)
  region size 2048K, 4 young (8192K), 4 survivors (8192K)
 Metaspace       used 31455K, committed 31872K, reserved 1114112K
  class space    used 3579K, committed 3776K, reserved 1048576K
}
Event: 5.138 GC heap before
{Heap before GC invocations=13 (full 0):
 garbage-first heap   total 143360K, used 108337K [0x0000000703400000, 0x0000000800000000)
  region size 2048K, 19 young (38912K), 4 survivors (8192K)
 Metaspace       used 32414K, committed 32832K, reserved 1114112K
  class space    used 3692K, committed 3904K, reserved 1048576K
}
Event: 5.143 GC heap after
{Heap after GC invocations=14 (full 0):
 garbage-first heap   total 143360K, used 85559K [0x0000000703400000, 0x0000000800000000)
  region size 2048K, 2 young (4096K), 2 survivors (4096K)
 Metaspace       used 32414K, committed 32832K, reserved 1114112K
  class space    used 3692K, committed 3904K, reserved 1048576K
}
Event: 5.381 GC heap before
{Heap before GC invocations=15 (full 0):
 garbage-first heap   total 153600K, used 114231K [0x0000000703400000, 0x0000000800000000)
  region size 2048K, 16 young (32768K), 2 survivors (4096K)
 Metaspace       used 32901K, committed 33280K, reserved 1114112K
  class space    used 3749K, committed 3968K, reserved 1048576K
}
Event: 5.383 GC heap after
{Heap after GC invocations=16 (full 0):
 garbage-first heap   total 153600K, used 85993K [0x0000000703400000, 0x0000000800000000)
  region size 2048K, 1 young (2048K), 1 survivors (2048K)
 Metaspace       used 32901K, committed 33280K, reserved 1114112K
  class space    used 3749K, committed 3968K, reserved 1048576K
}
Event: 5.414 GC heap before
{Heap before GC invocations=16 (full 0):
 garbage-first heap   total 153600K, used 88041K [0x0000000703400000, 0x0000000800000000)
  region size 2048K, 3 young (6144K), 1 survivors (2048K)
 Metaspace       used 32919K, committed 33344K, reserved 1114112K
  class space    used 3749K, committed 3968K, reserved 1048576K
}
Event: 5.419 GC heap after
{Heap after GC invocations=17 (full 0):
 garbage-first heap   total 153600K, used 72810K [0x0000000703400000, 0x0000000800000000)
  region size 2048K, 1 young (2048K), 1 survivors (2048K)
 Metaspace       used 32919K, committed 33344K, reserved 1114112K
  class space    used 3749K, committed 3968K, reserved 1048576K
}

