# JRE version: Java(TM) SE Runtime Environment (21.0.2+13) (build 21.0.2+13-LTS-58)
# Java VM: Java HotSpot(TM) 64-Bit Server VM (21.0.2+13-LTS-58, mixed mode, emulated-client, sharing, tiered, compressed oops, compressed class ptrs, g1 gc, windows-amd64)
GC Precious Log:
 CardTable entry size: 512
 Card Set container configuration: InlinePtr #cards 4 size 8 Array Of Cards #cards 16 size 48 Howl #buckets 8 coarsen threshold 3686 Howl Bitmap #cards 512 size 80 coarsen threshold 460 Card regions per heap region 1 cards per card region 4096
 CPUs: 8 total, 8 available
 Memory: 16171M
 Large Page Support: Disabled
 NUMA Support: Disabled
 Compressed Oops: Enabled (Zero based)
 Heap Region Size: 2M
 Heap Min Capacity: 8M
 Heap Initial Capacity: 254M
 Heap Max Capacity: 4044M
 Pre-touch: Disabled
 Parallel Workers: 8
 Concurrent Workers: 2
 Concurrent Refinement Workers: 8
 Periodic GC: Disabled
Heap:
 garbage-first heap   total 260096K, used 47078K [0x0000000703400000, 0x0000000800000000)
  region size 2048K, 3 young (6144K), 3 survivors (6144K)
 Metaspace       used 83995K, committed 84992K, reserved 1179648K
  class space    used 11922K, committed 12416K, reserved 1048576K
GC Heap History (20 events):
Event: 221.251 GC heap after
{Heap after GC invocations=29 (full 1):
 garbage-first heap   total 131072K, used 52611K [0x0000000703400000, 0x0000000800000000)
  region size 2048K, 3 young (6144K), 3 survivors (6144K)
 Metaspace       used 82970K, committed 83968K, reserved 1179648K
  class space    used 11789K, committed 12288K, reserved 1048576K
}
Event: 221.636 GC heap before
{Heap before GC invocations=29 (full 1):
 garbage-first heap   total 131072K, used 109955K [0x0000000703400000, 0x0000000800000000)
  region size 2048K, 31 young (63488K), 3 survivors (6144K)
 Metaspace       used 83100K, committed 83968K, reserved 1179648K
  class space    used 11805K, committed 12288K, reserved 1048576K
}
Event: 221.640 GC heap after
{Heap after GC invocations=30 (full 1):
 garbage-first heap   total 131072K, used 55969K [0x0000000703400000, 0x0000000800000000)
  region size 2048K, 3 young (6144K), 3 survivors (6144K)
 Metaspace       used 83100K, committed 83968K, reserved 1179648K
  class space    used 11805K, committed 12288K, reserved 1048576K
}
Event: 240.774 GC heap before
{Heap before GC invocations=30 (full 1):
 garbage-first heap   total 131072K, used 111265K [0x0000000703400000, 0x0000000800000000)
  region size 2048K, 30 young (61440K), 3 survivors (6144K)
 Metaspace       used 83145K, committed 84032K, reserved 1179648K
  class space    used 11812K, committed 12288K, reserved 1048576K
}
Event: 240.777 GC heap after
{Heap after GC invocations=31 (full 1):
 garbage-first heap   total 131072K, used 54170K [0x0000000703400000, 0x0000000800000000)
  region size 2048K, 2 young (4096K), 2 survivors (4096K)
 Metaspace       used 83145K, committed 84032K, reserved 1179648K
  class space    used 11812K, committed 12288K, reserved 1048576K
}
Event: 241.181 GC heap before
{Heap before GC invocations=32 (full 1):
 garbage-first heap   total 131072K, used 111514K [0x0000000703400000, 0x0000000800000000)
  region size 2048K, 31 young (63488K), 2 survivors (4096K)
 Metaspace       used 83228K, committed 84096K, reserved 1179648K
  class space    used 11820K, committed 12288K, reserved 1048576K
}
Event: 241.184 GC heap after
{Heap after GC invocations=33 (full 1):
 garbage-first heap   total 131072K, used 55021K [0x0000000703400000, 0x0000000800000000)
  region size 2048K, 3 young (6144K), 3 survivors (6144K)
 Metaspace       used 83228K, committed 84096K, reserved 1179648K
  class space    used 11820K, committed 12288K, reserved 1048576K
}
Event: 284.764 GC heap before
{Heap before GC invocations=33 (full 1):
 garbage-first heap   total 131072K, used 110317K [0x0000000703400000, 0x0000000800000000)
  region size 2048K, 31 young (63488K), 3 survivors (6144K)
 Metaspace       used 83277K, committed 84160K, reserved 1179648K
  class space    used 11828K, committed 12288K, reserved 1048576K
}
Event: 284.767 GC heap after
{Heap after GC invocations=34 (full 1):
 garbage-first heap   total 131072K, used 53342K [0x0000000703400000, 0x0000000800000000)
  region size 2048K, 2 young (4096K), 2 survivors (4096K)
 Metaspace       used 83277K, committed 84160K, reserved 1179648K
  class space    used 11828K, committed 12288K, reserved 1048576K
}
Event: 285.159 GC heap before
{Heap before GC invocations=34 (full 1):
 garbage-first heap   total 131072K, used 114782K [0x0000000703400000, 0x0000000800000000)
  region size 2048K, 33 young (67584K), 2 survivors (4096K)
 Metaspace       used 83364K, committed 84224K, reserved 1179648K
  class space    used 11837K, committed 12288K, reserved 1048576K
}
Event: 285.163 GC heap after
{Heap after GC invocations=35 (full 1):
 garbage-first heap   total 131072K, used 55288K [0x0000000703400000, 0x0000000800000000)
  region size 2048K, 3 young (6144K), 3 survivors (6144K)
 Metaspace       used 83364K, committed 84224K, reserved 1179648K
  class space    used 11837K, committed 12288K, reserved 1048576K
}
Event: 285.605 GC heap before
{Heap before GC invocations=36 (full 1):
 garbage-first heap   total 131072K, used 114680K [0x0000000703400000, 0x0000000800000000)
  region size 2048K, 32 young (65536K), 3 survivors (6144K)
 Metaspace       used 83784K, committed 84608K, reserved 1179648K
  class space    used 11883K, committed 12288K, reserved 1048576K
}
Event: 285.610 GC heap after
{Heap after GC invocations=37 (full 1):
 garbage-first heap   total 131072K, used 59517K [0x0000000703400000, 0x0000000800000000)
  region size 2048K, 4 young (8192K), 4 survivors (8192K)
 Metaspace       used 83784K, committed 84608K, reserved 1179648K
  class space    used 11883K, committed 12288K, reserved 1048576K
}
Event: 285.955 GC heap before
{Heap before GC invocations=37 (full 1):
 garbage-first heap   total 131072K, used 112765K [0x0000000703400000, 0x0000000800000000)
  region size 2048K, 30 young (61440K), 4 survivors (8192K)
 Metaspace       used 83892K, committed 84736K, reserved 1179648K
  class space    used 11911K, committed 12288K, reserved 1048576K
}
Event: 285.961 GC heap after
{Heap after GC invocations=38 (full 1):
 garbage-first heap   total 131072K, used 57938K [0x0000000703400000, 0x0000000800000000)
  region size 2048K, 3 young (6144K), 3 survivors (6144K)
 Metaspace       used 83892K, committed 84736K, reserved 1179648K
  class space    used 11911K, committed 12288K, reserved 1048576K
}
Event: 299.325 GC heap before
{Heap before GC invocations=38 (full 1):
 garbage-first heap   total 131072K, used 113234K [0x0000000703400000, 0x0000000800000000)
  region size 2048K, 30 young (61440K), 3 survivors (6144K)
 Metaspace       used 84072K, committed 84992K, reserved 1179648K
  class space    used 11952K, committed 12416K, reserved 1048576K
}
Event: 299.330 GC heap after
{Heap after GC invocations=39 (full 1):
 garbage-first heap   total 131072K, used 60436K [0x0000000703400000, 0x0000000800000000)
  region size 2048K, 4 young (8192K), 4 survivors (8192K)
 Metaspace       used 84072K, committed 84992K, reserved 1179648K
  class space    used 11952K, committed 12416K, reserved 1048576K
}
Event: 299.342 GC heap before
{Heap before GC invocations=39 (full 1):
 garbage-first heap   total 131072K, used 60436K [0x0000000703400000, 0x0000000800000000)
  region size 2048K, 5 young (10240K), 4 survivors (8192K)
 Metaspace       used 84074K, committed 84992K, reserved 1179648K
  class space    used 11953K, committed 12416K, reserved 1048576K
}
Event: 299.400 GC heap after
{Heap after GC invocations=40 (full 2):
 garbage-first heap   total 131072K, used 41450K [0x0000000703400000, 0x0000000800000000)
  region size 2048K, 0 young (0K), 0 survivors (0K)
 Metaspace       used 83868K, committed 84992K, reserved 1179648K
  class space    used 11907K, committed 12416K, reserved 1048576K
}
Event: 300.070 GC heap before
{Heap before GC invocations=40 (full 2):
 garbage-first heap   total 131072K, used 113130K [0x0000000703400000, 0x0000000800000000)
  region size 2048K, 35 young (71680K), 0 survivors (0K)
 Metaspace       used 83995K, committed 84992K, reserved 1179648K
  class space    used 11922K, committed 12416K, reserved 1048576K
}

