# JRE version: Java(TM) SE Runtime Environment (21.0.2+13) (build 21.0.2+13-LTS-58)
# Java VM: Java HotSpot(TM) 64-Bit Server VM (21.0.2+13-LTS-58, mixed mode, emulated-client, sharing, tiered, compressed oops, compressed class ptrs, g1 gc, windows-amd64)
GC Precious Log:
 CardTable entry size: 512
 Card Set container configuration: InlinePtr #cards 4 size 8 Array Of Cards #cards 16 size 48 Howl #buckets 8 coarsen threshold 3686 Howl Bitmap #cards 512 size 80 coarsen threshold 460 Card regions per heap region 1 cards per card region 4096
 CPUs: 8 total, 8 available
 Memory: 16171M
 Large Page Support: Disabled
 NUMA Support: Disabled
 Compressed Oops: Enabled (Zero based)
 Heap Region Size: 2M
 Heap Min Capacity: 8M
 Heap Initial Capacity: 254M
 Heap Max Capacity: 4044M
 Pre-touch: Disabled
 Parallel Workers: 8
 Concurrent Workers: 2
 Concurrent Refinement Workers: 8
 Periodic GC: Disabled
Heap:
 garbage-first heap   total 122880K, used 92400K [0x0000000703400000, 0x0000000800000000)
  region size 2048K, 20 young (40960K), 3 survivors (6144K)
 Metaspace       used 78669K, committed 79744K, reserved 1179648K
  class space    used 11355K, committed 11840K, reserved 1048576K
GC Heap History (20 events):
Event: 20.080 GC heap after
{Heap after GC invocations=23 (full 1):
 garbage-first heap   total 102400K, used 46093K [0x0000000703400000, 0x0000000800000000)
  region size 2048K, 3 young (6144K), 3 survivors (6144K)
 Metaspace       used 77714K, committed 78720K, reserved 1179648K
  class space    used 11254K, committed 11712K, reserved 1048576K
}
Event: 20.325 GC heap before
{Heap before GC invocations=23 (full 1):
 garbage-first heap   total 102400K, used 87053K [0x0000000703400000, 0x0000000800000000)
  region size 2048K, 23 young (47104K), 3 survivors (6144K)
 Metaspace       used 77812K, committed 78848K, reserved 1179648K
  class space    used 11266K, committed 11712K, reserved 1048576K
}
Event: 20.329 GC heap after
{Heap after GC invocations=24 (full 1):
 garbage-first heap   total 102400K, used 48540K [0x0000000703400000, 0x0000000800000000)
  region size 2048K, 2 young (4096K), 2 survivors (4096K)
 Metaspace       used 77812K, committed 78848K, reserved 1179648K
  class space    used 11266K, committed 11712K, reserved 1048576K
}
Event: 20.587 GC heap before
{Heap before GC invocations=24 (full 1):
 garbage-first heap   total 102400K, used 89500K [0x0000000703400000, 0x0000000800000000)
  region size 2048K, 22 young (45056K), 2 survivors (4096K)
 Metaspace       used 78033K, committed 79040K, reserved 1179648K
  class space    used 11286K, committed 11712K, reserved 1048576K
}
Event: 20.590 GC heap after
{Heap after GC invocations=25 (full 1):
 garbage-first heap   total 122880K, used 49431K [0x0000000703400000, 0x0000000800000000)
  region size 2048K, 3 young (6144K), 3 survivors (6144K)
 Metaspace       used 78033K, committed 79040K, reserved 1179648K
  class space    used 11286K, committed 11712K, reserved 1048576K
}
Event: 20.938 GC heap before
{Heap before GC invocations=26 (full 1):
 garbage-first heap   total 122880K, used 106775K [0x0000000703400000, 0x0000000800000000)
  region size 2048K, 31 young (63488K), 3 survivors (6144K)
 Metaspace       used 78217K, committed 79232K, reserved 1179648K
  class space    used 11301K, committed 11776K, reserved 1048576K
}
Event: 20.942 GC heap after
{Heap after GC invocations=27 (full 1):
 garbage-first heap   total 122880K, used 51923K [0x0000000703400000, 0x0000000800000000)
  region size 2048K, 4 young (8192K), 4 survivors (8192K)
 Metaspace       used 78217K, committed 79232K, reserved 1179648K
  class space    used 11301K, committed 11776K, reserved 1048576K
}
Event: 21.253 GC heap before
{Heap before GC invocations=27 (full 1):
 garbage-first heap   total 122880K, used 105171K [0x0000000703400000, 0x0000000800000000)
  region size 2048K, 30 young (61440K), 4 survivors (8192K)
 Metaspace       used 78237K, committed 79296K, reserved 1179648K
  class space    used 11303K, committed 11776K, reserved 1048576K
}
Event: 21.259 GC heap after
{Heap after GC invocations=28 (full 1):
 garbage-first heap   total 122880K, used 54319K [0x0000000703400000, 0x0000000800000000)
  region size 2048K, 3 young (6144K), 3 survivors (6144K)
 Metaspace       used 78237K, committed 79296K, reserved 1179648K
  class space    used 11303K, committed 11776K, reserved 1048576K
}
Event: 53.274 GC heap before
{Heap before GC invocations=28 (full 1):
 garbage-first heap   total 122880K, used 74799K [0x0000000703400000, 0x0000000800000000)
  region size 2048K, 14 young (28672K), 3 survivors (6144K)
 Metaspace       used 78243K, committed 79296K, reserved 1179648K
  class space    used 11305K, committed 11776K, reserved 1048576K
}
Event: 53.335 GC heap after
{Heap after GC invocations=29 (full 2):
 garbage-first heap   total 122880K, used 48671K [0x0000000703400000, 0x0000000800000000)
  region size 2048K, 0 young (0K), 0 survivors (0K)
 Metaspace       used 78236K, committed 79296K, reserved 1179648K
  class space    used 11303K, committed 11776K, reserved 1048576K
}
Event: 54.006 GC heap before
{Heap before GC invocations=29 (full 2):
 garbage-first heap   total 122880K, used 106015K [0x0000000703400000, 0x0000000800000000)
  region size 2048K, 28 young (57344K), 0 survivors (0K)
 Metaspace       used 78253K, committed 79296K, reserved 1179648K
  class space    used 11308K, committed 11776K, reserved 1048576K
}
Event: 54.009 GC heap after
{Heap after GC invocations=30 (full 2):
 garbage-first heap   total 122880K, used 53610K [0x0000000703400000, 0x0000000800000000)
  region size 2048K, 3 young (6144K), 3 survivors (6144K)
 Metaspace       used 78253K, committed 79296K, reserved 1179648K
  class space    used 11308K, committed 11776K, reserved 1048576K
}
Event: 54.655 GC heap before
{Heap before GC invocations=31 (full 2):
 garbage-first heap   total 122880K, used 102762K [0x0000000703400000, 0x0000000800000000)
  region size 2048K, 27 young (55296K), 3 survivors (6144K)
 Metaspace       used 78288K, committed 79296K, reserved 1179648K
  class space    used 11310K, committed 11776K, reserved 1048576K
}
Event: 54.659 GC heap after
{Heap after GC invocations=32 (full 2):
 garbage-first heap   total 122880K, used 55142K [0x0000000703400000, 0x0000000800000000)
  region size 2048K, 2 young (4096K), 2 survivors (4096K)
 Metaspace       used 78288K, committed 79296K, reserved 1179648K
  class space    used 11310K, committed 11776K, reserved 1048576K
}
Event: 55.220 GC heap before
{Heap before GC invocations=32 (full 2):
 garbage-first heap   total 122880K, used 104294K [0x0000000703400000, 0x0000000800000000)
  region size 2048K, 26 young (53248K), 2 survivors (4096K)
 Metaspace       used 78372K, committed 79424K, reserved 1179648K
  class space    used 11316K, committed 11776K, reserved 1048576K
}
Event: 55.224 GC heap after
{Heap after GC invocations=33 (full 2):
 garbage-first heap   total 122880K, used 57999K [0x0000000703400000, 0x0000000800000000)
  region size 2048K, 3 young (6144K), 3 survivors (6144K)
 Metaspace       used 78372K, committed 79424K, reserved 1179648K
  class space    used 11316K, committed 11776K, reserved 1048576K
}
Event: 55.769 GC heap before
{Heap before GC invocations=33 (full 2):
 garbage-first heap   total 122880K, used 103055K [0x0000000703400000, 0x0000000800000000)
  region size 2048K, 25 young (51200K), 3 survivors (6144K)
 Metaspace       used 78459K, committed 79488K, reserved 1179648K
  class space    used 11321K, committed 11776K, reserved 1048576K
}
Event: 55.774 GC heap after
{Heap after GC invocations=34 (full 2):
 garbage-first heap   total 122880K, used 59632K [0x0000000703400000, 0x0000000800000000)
  region size 2048K, 3 young (6144K), 3 survivors (6144K)
 Metaspace       used 78459K, committed 79488K, reserved 1179648K
  class space    used 11321K, committed 11776K, reserved 1048576K
}
Event: 57.585 GC heap before
{Heap before GC invocations=35 (full 2):
 garbage-first heap   total 122880K, used 92400K [0x0000000703400000, 0x0000000800000000)
  region size 2048K, 20 young (40960K), 3 survivors (6144K)
 Metaspace       used 78669K, committed 79744K, reserved 1179648K
  class space    used 11355K, committed 11840K, reserved 1048576K
}

